2023-04-03 02:23:23.391948 - Initialized conversion of CBT751
2023-04-03 02:23:23.856626 - Received CBT.V504.FILE751.PDS from FILE751.XMI 
2023-04-03 02:23:23.859715 - Found $$$#DATE.txt (text/plain) in CBT.V504.FILE751.PDS, moved to PDS/$$$#DATE
2023-04-03 02:23:23.860815 - Found $DOC.txt (text/plain) in CBT.V504.FILE751.PDS, moved to PDS/$DOC
2023-04-03 02:23:23.861819 - Found $HASP050.jcl (text/plain) in CBT.V504.FILE751.PDS, moved to PDS/$HASP050
2023-04-03 02:23:23.863116 - Found $TMOUNT.txt (text/plain) in CBT.V504.FILE751.PDS, moved to PDS/$TMOUNT
2023-04-03 02:23:23.864058 - Found $VIRTAPE.txt (text/plain) in CBT.V504.FILE751.PDS, moved to PDS/$VIRTAPE
2023-04-03 02:23:23.864992 - Found @FILE751.txt (text/plain) in CBT.V504.FILE751.PDS, moved to PDS/@FILE751
2023-04-03 02:23:23.865865 - Found CMD.jcl (text/plain) in CBT.V504.FILE751.PDS, moved to PDS/CMD
2023-04-03 02:23:23.866767 - Found CONDCHEK.jcl (text/plain) in CBT.V504.FILE751.PDS, moved to PDS/CONDCHEK
2023-04-03 02:23:23.867660 - Found CVTUSER.txt (text/plain) in CBT.V504.FILE751.PDS, moved to PDS/CVTUSER
2023-04-03 02:23:23.868534 - Found DATEYMD.rexx (text/plain) in CBT.V504.FILE751.PDS, moved to PDS/DATEYMD
2023-04-03 02:23:23.869417 - Found DELAY.jcl (text/plain) in CBT.V504.FILE751.PDS, moved to PDS/DELAY
2023-04-03 02:23:23.870312 - Found DELAYOLD.jcl (text/plain) in CBT.V504.FILE751.PDS, moved to PDS/DELAYOLD
2023-04-03 02:23:23.871214 - Found FLEXESV7.txt (text/plain) in CBT.V504.FILE751.PDS, moved to PDS/FLEXESV7
2023-04-03 02:23:23.872375 - Found IEALPA00.txt (text/plain) in CBT.V504.FILE751.PDS, moved to PDS/IEALPA00
2023-04-03 02:23:23.873730 - Found IEASVC00.txt (text/plain) in CBT.V504.FILE751.PDS, moved to PDS/IEASVC00
2023-04-03 02:23:23.874801 - Found IEA404A.jcl (text/plain) in CBT.V504.FILE751.PDS, moved to PDS/IEA404A
2023-04-03 02:23:23.875978 - Found IEC507D.jcl (text/plain) in CBT.V504.FILE751.PDS, moved to PDS/IEC507D
2023-04-03 02:23:23.877085 - Found IEC512I.jcl (text/plain) in CBT.V504.FILE751.PDS, moved to PDS/IEC512I
2023-04-03 02:23:23.878043 - Found IEC534D.jcl (text/plain) in CBT.V504.FILE751.PDS, moved to PDS/IEC534D
2023-04-03 02:23:23.879185 - Found IEE366I.jcl (text/plain) in CBT.V504.FILE751.PDS, moved to PDS/IEE366I
2023-04-03 02:23:23.880183 - Found IEF099I.jcl (text/plain) in CBT.V504.FILE751.PDS, moved to PDS/IEF099I
2023-04-03 02:23:23.881229 - Found IEF251I.jcl (text/plain) in CBT.V504.FILE751.PDS, moved to PDS/IEF251I
2023-04-03 02:23:23.882361 - Found IEF450I.jcl (text/plain) in CBT.V504.FILE751.PDS, moved to PDS/IEF450I
2023-04-03 02:23:23.883492 - Found IGC00230.jcl (text/plain) in CBT.V504.FILE751.PDS, moved to PDS/IGC00230
2023-04-03 02:23:23.884710 - Found IGXMSGEX.jcl (text/plain) in CBT.V504.FILE751.PDS, moved to PDS/IGXMSGEX
2023-04-03 02:23:23.885788 - Found IOS000I.jcl (text/plain) in CBT.V504.FILE751.PDS, moved to PDS/IOS000I
2023-04-03 02:23:23.886864 - Found IST1132I.jcl (text/plain) in CBT.V504.FILE751.PDS, moved to PDS/IST1132I
2023-04-03 02:23:23.887933 - Found LLAFRESH.jcl (text/plain) in CBT.V504.FILE751.PDS, moved to PDS/LLAFRESH
2023-04-03 02:23:23.889095 - Found MPFLST00.txt (text/plain) in CBT.V504.FILE751.PDS, moved to PDS/MPFLST00
2023-04-03 02:23:23.890049 - Found MSG.txt (text/plain) in CBT.V504.FILE751.PDS, moved to PDS/MSG
2023-04-03 02:23:23.891102 - Found REPLYCAN.jcl (text/plain) in CBT.V504.FILE751.PDS, moved to PDS/REPLYCAN
2023-04-03 02:23:23.892041 - Found REPLYF.jcl (text/plain) in CBT.V504.FILE751.PDS, moved to PDS/REPLYF
2023-04-03 02:23:23.892943 - Found REPLYM.jcl (text/plain) in CBT.V504.FILE751.PDS, moved to PDS/REPLYM
2023-04-03 02:23:23.894126 - Found REPLYU.jcl (text/plain) in CBT.V504.FILE751.PDS, moved to PDS/REPLYU
2023-04-03 02:23:23.895141 - Found REPLYY.jcl (text/plain) in CBT.V504.FILE751.PDS, moved to PDS/REPLYY
2023-04-03 02:23:23.896265 - Found SETWHEN.jcl (text/plain) in CBT.V504.FILE751.PDS, moved to PDS/SETWHEN
2023-04-03 02:23:23.897462 - Found TAPE.jcl (text/plain) in CBT.V504.FILE751.PDS, moved to PDS/TAPE
2023-04-03 02:23:23.898733 - Found TAPEBITS.txt (text/plain) in CBT.V504.FILE751.PDS, moved to PDS/TAPEBITS
2023-04-03 02:23:23.899838 - Found TAPEBLP.jcl (text/plain) in CBT.V504.FILE751.PDS, moved to PDS/TAPEBLP
2023-04-03 02:23:23.900873 - Found TAPEDRPD.jcl (text/plain) in CBT.V504.FILE751.PDS, moved to PDS/TAPEDRPD
2023-04-03 02:23:23.901792 - Found TAPEDRPV.jcl (text/plain) in CBT.V504.FILE751.PDS, moved to PDS/TAPEDRPV
2023-04-03 02:23:23.902710 - Found TAPEDSCT.txt (text/plain) in CBT.V504.FILE751.PDS, moved to PDS/TAPEDSCT
2023-04-03 02:23:23.903858 - Found TAPENEW.jcl (text/plain) in CBT.V504.FILE751.PDS, moved to PDS/TAPENEW
2023-04-03 02:23:23.904811 - Found TAPENEWJ.jcl (text/plain) in CBT.V504.FILE751.PDS, moved to PDS/TAPENEWJ
2023-04-03 02:23:23.905739 - Found TAPEOFF.jcl (text/plain) in CBT.V504.FILE751.PDS, moved to PDS/TAPEOFF
2023-04-03 02:23:23.906636 - Found TAPEOFFC.rexx (text/plain) in CBT.V504.FILE751.PDS, moved to PDS/TAPEOFFC
2023-04-03 02:23:23.907755 - Found TAPEOLD.jcl (text/plain) in CBT.V504.FILE751.PDS, moved to PDS/TAPEOLD
2023-04-03 02:23:23.908982 - Found TAPEOLDJ.jcl (text/plain) in CBT.V504.FILE751.PDS, moved to PDS/TAPEOLDJ
2023-04-03 02:23:23.909925 - Found TAPERSET.jcl (text/plain) in CBT.V504.FILE751.PDS, moved to PDS/TAPERSET
2023-04-03 02:23:23.910913 - Found TAPERSTJ.jcl (text/plain) in CBT.V504.FILE751.PDS, moved to PDS/TAPERSTJ
2023-04-03 02:23:23.912068 - Found TAPESAVE.jcl (text/plain) in CBT.V504.FILE751.PDS, moved to PDS/TAPESAVE
2023-04-03 02:23:23.913118 - Found TAPESMF.jcl (text/plain) in CBT.V504.FILE751.PDS, moved to PDS/TAPESMF
2023-04-03 02:23:23.914030 - Found TAPESTAT.jcl (text/plain) in CBT.V504.FILE751.PDS, moved to PDS/TAPESTAT
2023-04-03 02:23:23.914996 - Found TAPESYNC.jcl (text/plain) in CBT.V504.FILE751.PDS, moved to PDS/TAPESYNC
2023-04-03 02:23:23.915896 - Found TAPESYN2.jcl (text/plain) in CBT.V504.FILE751.PDS, moved to PDS/TAPESYN2
2023-04-03 02:23:23.916815 - Found TAPEZERO.jcl (text/plain) in CBT.V504.FILE751.PDS, moved to PDS/TAPEZERO
